<?xml version="1.0" encoding="UTF-8"?>
<!-- Generated by org.testng.reporters.JUnitReportReporter -->
<testsuite hostname="DESKTOP-7PGM774" name="com.crm.qa.testcases.ContactsPageTest" tests="5" failures="0" timestamp="31 Jul 2018 10:54:58 GMT" time="150.606" errors="0">
  <testcase name="selectContactTest" time="35.877" classname="com.crm.qa.testcases.ContactsPageTest"/>
  <testcase name="verifyContactsPageLabelTest" time="22.702" classname="com.crm.qa.testcases.ContactsPageTest"/>
  <testcase name="creatingNewContact" time="31.853" classname="com.crm.qa.testcases.ContactsPageTest"/>
  <testcase name="creatingNewContact" time="32.311" classname="com.crm.qa.testcases.ContactsPageTest"/>
  <testcase name="creatingNewContact" time="27.863" classname="com.crm.qa.testcases.ContactsPageTest"/>
</testsuite> <!-- com.crm.qa.testcases.ContactsPageTest -->
