<?xml version="1.0" encoding="UTF-8"?>
<!-- Generated by org.testng.reporters.JUnitReportReporter -->
<testsuite hostname="DESKTOP-7PGM774" name="com.crm.qa.testcases.LoginPageTest" tests="1" failures="0" timestamp="31 Jul 2018 10:58:34 GMT" time="13.126" errors="0">
  <testcase name="loginPageTitleTest" time="13.126" classname="com.crm.qa.testcases.LoginPageTest"/>
</testsuite> <!-- com.crm.qa.testcases.LoginPageTest -->
