<?xml version="1.0" encoding="UTF-8"?>
<!-- Generated by org.testng.reporters.JUnitReportReporter -->
<testsuite hostname="DESKTOP-7PGM774" name="com.crm.qa.testcases.HomePageTest" tests="4" failures="0" timestamp="31 Jul 2018 10:54:58 GMT" time="89.156" errors="0">
  <testcase name="userNameLabelTest" time="19.380" classname="com.crm.qa.testcases.HomePageTest"/>
  <testcase name="homePageTitleTest" time="18.100" classname="com.crm.qa.testcases.HomePageTest"/>
  <testcase name="verifyContactsLinkTest" time="24.967" classname="com.crm.qa.testcases.HomePageTest"/>
  <testcase name="userNameLabelValidationTest" time="26.709" classname="com.crm.qa.testcases.HomePageTest"/>
</testsuite> <!-- com.crm.qa.testcases.HomePageTest -->
