<?xml version="1.0" encoding="UTF-8"?>
<!-- Generated by org.testng.reporters.JUnitReportReporter -->
<testsuite hostname="DESKTOP-7PGM774" name="com.crm.qa.testcases.ContactsPageTest" tests="5" failures="0" timestamp="31 Jul 2018 12:11:45 GMT" time="154.248" errors="0">
  <testcase name="verifyContactsPageLabelTest" time="26.836" classname="com.crm.qa.testcases.ContactsPageTest"/>
  <testcase name="creatingNewContact" time="29.563" classname="com.crm.qa.testcases.ContactsPageTest"/>
  <testcase name="creatingNewContact" time="31.846" classname="com.crm.qa.testcases.ContactsPageTest"/>
  <testcase name="selectContactTest" time="33.255" classname="com.crm.qa.testcases.ContactsPageTest"/>
  <testcase name="creatingNewContact" time="32.748" classname="com.crm.qa.testcases.ContactsPageTest"/>
</testsuite> <!-- com.crm.qa.testcases.ContactsPageTest -->
