<?xml version="1.0" encoding="UTF-8"?>
<!-- Generated by org.testng.reporters.JUnitReportReporter -->
<testsuite hostname="DESKTOP-7PGM774" name="com.crm.qa.testcases.HomePageTest" tests="4" failures="0" timestamp="31 Jul 2018 12:11:45 GMT" time="95.277" errors="0">
  <testcase name="homePageTitleTest" time="23.314" classname="com.crm.qa.testcases.HomePageTest"/>
  <testcase name="verifyContactsLinkTest" time="26.836" classname="com.crm.qa.testcases.HomePageTest"/>
  <testcase name="userNameLabelTest" time="22.726" classname="com.crm.qa.testcases.HomePageTest"/>
  <testcase name="userNameLabelValidationTest" time="22.401" classname="com.crm.qa.testcases.HomePageTest"/>
</testsuite> <!-- com.crm.qa.testcases.HomePageTest -->
